<?xml version="1.0" encoding="UTF-8"?>
<!-- Generated by org.testng.reporters.JUnitReportReporter -->
<testsuite hostname="Harshithas-MacBook-Pro.local" failures="0" tests="2" name="tests.FirstTestCase" time="8.044" errors="0" timestamp="2021-08-21T11:09:08 EDT" skipped="1">
  <testcase classname="tests.FirstTestCase" name="testAmazonHomePAge2" time="8.044"/>
  <system-out/>
  <testcase classname="tests.FirstTestCase" name="testAmazonHomePage">
    <skipped/>
  </testcase> <!-- testAmazonHomePage -->
  <system-out/>
</testsuite> <!-- tests.FirstTestCase -->
